<?xml version="1.0" encoding="UTF-8"?>
<!-- Generated by org.testng.reporters.JUnitXMLReporter -->
<testsuite hostname="admin" ignored="0" name="Test2" tests="3" failures="0" timestamp="04 Jan 2017 15:04:44 GMT" time="0.053" errors="0">
  <testcase name="testA" time="0.004" classname="com.testNG.qspiders_1.DemoA"/>
  <testcase name="testB" time="0.005" classname="com.testNG.qspiders_1.DemoB"/>
  <testcase name="testC" time="0.006" classname="com.testNG.qspiders_1.DemoB"/>
</testsuite> <!-- Test2 -->
