<?xml version="1.0" encoding="UTF-8"?>
<!-- Generated by org.testng.reporters.JUnitXMLReporter -->
<testsuite hostname="admin" ignored="0" name="Test" tests="1" failures="1" timestamp="06 Jan 2017 05:15:48 GMT" time="18.236" errors="0">
  <testcase name="testScript" time="18.176" classname="com.testNG.qspiders_2.SoftAssertConcept">
    <failure type="java.lang.AssertionError" message="The following asserts failed:
	expected [actiTIME - Log] but found [actiTIME - Login]">
      <![CDATA[java.lang.AssertionError: The following asserts failed:
	expected [actiTIME - Log] but found [actiTIME - Login]
	at com.testNG.qspiders_2.SoftAssertConcept.testScript(SoftAssertConcept.java:20)
... Removed 26 stack frames]]>
    </failure>
  </testcase> <!-- testScript -->
</testsuite> <!-- Test -->
