<?xml version="1.0" encoding="UTF-8"?>
<testng-results skipped="0" failed="0" ignored="0" total="1" passed="1">
  <reporter-output>
  </reporter-output>
  <suite name="Default suite" duration-ms="22734" started-at="2017-05-20T12:39:32Z" finished-at="2017-05-20T12:39:54Z">
    <groups>
    </groups>
    <test name="Default test" duration-ms="22734" started-at="2017-05-20T12:39:32Z" finished-at="2017-05-20T12:39:54Z">
      <class name="t1.LoginScript">
        <test-method status="PASS" signature="testScript()[pri:0, instance:t1.LoginScript@6d00a15d]" name="testScript" duration-ms="22656" started-at="2017-05-20T18:09:32Z" finished-at="2017-05-20T18:09:54Z">
          <reporter-output>
          </reporter-output>
        </test-method> <!-- testScript -->
      </class> <!-- t1.LoginScript -->
    </test> <!-- Default test -->
  </suite> <!-- Default suite -->
</testng-results>
